2018-05-08 17:17:49.143  INFO 2492 --- [main] com.springboot.practice.App              : Starting App on Sujia with PID 2492 (D:\Intellij_workspace\user-application-springboot\target\classes started by sujia in D:\Intellij_workspace\user-application-springboot)
2018-05-08 17:17:49.151 DEBUG 2492 --- [main] com.springboot.practice.App              : Running with Spring Boot v2.0.1.RELEASE, Spring v5.0.5.RELEASE
2018-05-08 17:17:49.154  INFO 2492 --- [main] com.springboot.practice.App              : No active profile set, falling back to default profiles: default
2018-05-08 17:18:21.638  INFO 2492 --- [main] o.apache.catalina.core.StandardService   : Starting service [Tomcat]
2018-05-08 17:18:21.639  INFO 2492 --- [main] org.apache.catalina.core.StandardEngine  : Starting Servlet Engine: Apache Tomcat/8.5.29
2018-05-08 17:18:21.898  INFO 2492 --- [localhost-startStop-1] o.a.catalina.core.AprLifecycleListener   : The APR based Apache Tomcat Native library which allows optimal performance in production environments was not found on the java.library.path: [C:\Program Files\Java\jdk1.8.0_161\bin;C:\Windows\Sun\Java\bin;C:\Windows\system32;C:\Windows;C:\ProgramData\Oracle\Java\javapath;C:\Windows\system32;C:\Windows;C:\Windows\System32\Wbem;C:\Windows\System32\WindowsPowerShell\v1.0\;C:\Program Files\nodejs\;C:\Program Files\Git\cmd;C:\Program Files\apache-maven-3.5.3\bin;C:\Program Files (x86)\Skype\Phone\;;C:\Program Files (x86)\Microsoft VS Code\bin;C:\Users\sujia\AppData\Roaming\npm;C:\Program Files\Docker Toolbox;.]
2018-05-08 17:18:24.983  INFO 2492 --- [localhost-startStop-1] o.a.c.c.C.[Tomcat].[localhost].[/]       : Initializing Spring embedded WebApplicationContext
2018-05-08 17:18:31.757  INFO 2492 --- [main] o.hibernate.jpa.internal.util.LogHelper  : HHH000204: Processing PersistenceUnitInfo [
	name: default
	...]
2018-05-08 17:18:38.361  INFO 2492 --- [main] org.hibernate.Version                    : HHH000412: Hibernate Core {5.2.16.Final}
2018-05-08 17:18:38.367  INFO 2492 --- [main] org.hibernate.cfg.Environment            : HHH000206: hibernate.properties not found
2018-05-08 17:18:40.935  INFO 2492 --- [main] o.hibernate.annotations.common.Version   : HCANN000001: Hibernate Commons Annotations {5.0.1.Final}
2018-05-08 17:18:48.634  INFO 2492 --- [main] org.hibernate.dialect.Dialect            : HHH000400: Using dialect: org.hibernate.dialect.MySQL5Dialect
2018-05-08 17:19:20.252  INFO 2492 --- [main] com.springboot.practice.App              : Started App in 101.66 seconds (JVM running for 103.436)
2018-05-08 17:21:11.535  INFO 2492 --- [http-nio-8081-exec-1] o.a.c.c.C.[Tomcat].[localhost].[/]       : Initializing Spring FrameworkServlet 'dispatcherServlet'
2018-05-08 17:21:47.630  INFO 2492 --- [http-nio-8081-exec-4] o.h.h.i.QueryTranslatorFactoryInitiator  : HHH000397: Using ASTQueryTranslatorFactory
2018-05-08 17:21:56.032  INFO 2492 --- [http-nio-8081-exec-4] c.s.p.s.UserAppConfigurationService      : config Value set as = 1
2018-05-08 17:22:02.223  INFO 2492 --- [http-nio-8081-exec-7] c.s.p.s.UserAppConfigurationService      : config Value set as = 0
2018-05-08 17:22:11.302  INFO 2492 --- [http-nio-8081-exec-10] c.s.practice.service.UserService         : user service = User{userId=null, userName='test', userPassword='test', userEmailId='null'} count = 1
2018-05-08 17:22:19.681  INFO 2492 --- [http-nio-8081-exec-4] c.s.p.s.UserAppConfigurationService      : config Value set as = 1
2018-05-08 17:22:35.160  INFO 2492 --- [http-nio-8081-exec-3] c.s.p.s.UserAppConfigurationService      : config Value set as = 0
2018-05-08 17:22:38.669  INFO 2492 --- [http-nio-8081-exec-9] c.s.practice.service.UserService         : user service = User{userId=null, userName='test', userPassword='test', userEmailId='null'} count = 1
2018-05-08 17:22:44.403  INFO 2492 --- [http-nio-8081-exec-1] c.s.practice.service.UserService         : not found ; count = 0
